# ********** EXPERIMENT START **********
# 
# Name     : pi
# Platform : aciss
# Tool     : tau
# Analyses : ['metrics']
# Rootdir  : /home/rsawhney/Desktop/HPC/autoperf/example/mpi/output
# MPI      : True
# CUPTI    : False
# Instance : None
# LogLevel : DEBUG
# Queue    : PBS
# 
# Using TAU binding: papi,pdt,mpi
# Run the experiment
function run-2016-11-09-19-09-30-674040 () {
    cd /home/rsawhney/Desktop/HPC/autoperf/example/mpi/output

    # Nothing to link, bypass

    # Nothing to copy, bypass

    # No builder found, bypass

