# ********** EXPERIMENT START **********
# 
# Name     : pi
# Platform : aciss
# Tool     : tau
# Analyses : ['metrics']
# Rootdir  : /home/rsawhney/Desktop/HPC/autoperf/example/mpi/output
# MPI      : True
# CUPTI    : False
# Instance : None
# LogLevel : DEBUG
# Queue    : PBS
# 
# ********** EXPERIMENT START **********
# 
# Name     : pi
# Platform : aciss
# Tool     : tau
# Analyses : ['metrics']
# Rootdir  : /home/rsawhney/Desktop/HPC/autoperf/example/mpi/output
# MPI      : True
# CUPTI    : False
# Instance : None
# LogLevel : DEBUG
# Queue    : PBS
# 
