Trying ../tau.conf
TAU: VERBOSE enabled
TAU: Supporting 1 threads
TAU: PROFILE PREFIX is "(null)"
TAU: PROFILEDIR is "2016-11-09-23-11-32-445632/.iter-00/profiles"
TAU: TRACEDIR is "."
TAU: Tracing Disabled
TAU: Profiling Enabled
TAU: Callpath Profiling Disabled
TAU: Overhead Compensation Disabled
TAU: Callsite Depth Limit = 1
TAU: Throttling Enabled
TAU: Throttle PerCall = 10
TAU: Throttle NumCalls = 100000
TAU: SIGUSR1 Action: dump profiles
TAU: Output Format: profile
TAU: METRICS is "PAPI_TOT_INS:PAPI_TOT_CYC"
TAU: MPI_T_CVAR_METRICS is not set
TAU: MPI_T_CVAR_VALUES is not set
TAU: OpenMP Runtime Support Enabled
TAU: OpenMP Runtime Support States Disabled
TAU: OpenMP Runtime Support Events Enabled
TAU: Not sampling TAU overhead
TAU: Sampling Enabled
TAU: EBS Source: TIME
TAU: EBS period = 10000 
TAU: EBS inclusive = 0 usec
TAU: CUPTI API tracking: runtime
TAU: tracking CUDA instructions: 
TAU: tracking CUDA CDP kernels Disabled
TAU: tracking CUDA UNIFIED MEMORY Disabled
TAU: tracking CUDA SASS Disabled
TAU: output CUDA CSV Disabled
TAU: CUDA binary exe not provided: 
TAU: BFD Lookup Enabled
TAU: Initialized TAU (TAU_VERBOSE=1)
TAU: Using metric: TIME
TAU: Using metric: PAPI_TOT_INS
TAU: Using metric: PAPI_TOT_CYC
Inside TAU: PapiLayer::intializePapiLayer: papiInitialized = 0
[pid = 16303] Inside TAU: Actually initializing PapiLayer::intializePapiLayer: papiInitialized = 0
inside TAU: PapiLayer::initializePAPI entry
TAU: PAPI: Adding counter PAPI_TOT_INS
TAU: PAPI: Adding counter PAPI_TOT_CYC
Thread 0 initialized sampling
Growing stack: depth=100, size=45600
TAU<0,0>: TauProfiler_StoreData
TAU: Finalize(if necessary) <Node=0.Thread=0> finalizing sampling...
TAU: <Node=0.Thread=0> finalizing sampling...
hello world!
TAU: <Node=0.Thread=0> finalizing sampling for 0...
TAU: Finalizing sampling profiles on thread 0
TAU: Preparing callsite candidates
TAU: Translating symbols to source code locations on thread 0
TAU<0,0>: TauProfiler_DumpData
Profile directories created
[pid=16303], TAU: Writing profile 2016-11-09-23-11-32-445632/.iter-00/profiles/MULTI__TIME/profile.0.0.0, cwd = /home/rsawhney/Desktop/HPC/autoperf/example/helloworld/output
[pid=16303], TAU: Writing profile 2016-11-09-23-11-32-445632/.iter-00/profiles/MULTI__PAPI_TOT_INS/profile.0.0.0, cwd = /home/rsawhney/Desktop/HPC/autoperf/example/helloworld/output
[pid=16303], TAU: Writing profile 2016-11-09-23-11-32-445632/.iter-00/profiles/MULTI__PAPI_TOT_CYC/profile.0.0.0, cwd = /home/rsawhney/Desktop/HPC/autoperf/example/helloworld/output
TAU: <Node=0.Thread=0>:<pid=16303>: .TAU application initiated TauProfiler_StoreData
TAU: Finalize(if necessary) <Node=0.Thread=0> finalizing sampling...
